2015-10-23 05:29:29 Error: [Cake\Routing\Exception\MissingControllerException] Controller class Favicon.ico could not be found.
Exception Attributes: array (
  'class' => 'Favicon.ico',
  'plugin' => NULL,
  'prefix' => NULL,
  '_ext' => NULL,
)
Request URL: /Site-Web/favicon.ico
Stack Trace:
#0 /var/www/Site-Web/webroot/index.php(37): Cake\Routing\Dispatcher->dispatch(Object(Cake\Network\Request), Object(Cake\Network\Response))
#1 {main}


2015-10-23 05:33:19 Error: [Cake\Routing\Exception\MissingControllerException] Controller class Favicon.ico could not be found.
Exception Attributes: array (
  'class' => 'Favicon.ico',
  'plugin' => NULL,
  'prefix' => NULL,
  '_ext' => NULL,
)
Request URL: /OranTicket/favicon.ico
Stack Trace:
#0 /var/www/OranTicket/webroot/index.php(37): Cake\Routing\Dispatcher->dispatch(Object(Cake\Network\Request), Object(Cake\Network\Response))
#1 {main}


2015-10-23 07:05:49 Error: [Cake\Datasource\Exception\RecordNotFoundException] Record not found in table "tickets"
Request URL: /OranTicket/tickets/view/%3C
Stack Trace:
#0 /var/www/OranTicket/vendor/cakephp/cakephp/src/ORM/Table.php(1187): Cake\ORM\Query->firstOrFail()
#1 /var/www/OranTicket/src/Controller/TicketsController.php(79): Cake\ORM\Table->get('<', Array)
#2 [internal function]: App\Controller\TicketsController->view('<')
#3 /var/www/OranTicket/vendor/cakephp/cakephp/src/Controller/Controller.php(429): call_user_func_array(Array, Array)
#4 /var/www/OranTicket/vendor/cakephp/cakephp/src/Routing/Dispatcher.php(114): Cake\Controller\Controller->invokeAction()
#5 /var/www/OranTicket/vendor/cakephp/cakephp/src/Routing/Dispatcher.php(87): Cake\Routing\Dispatcher->_invoke(Object(App\Controller\TicketsController))
#6 /var/www/OranTicket/webroot/index.php(37): Cake\Routing\Dispatcher->dispatch(Object(Cake\Network\Request), Object(Cake\Network\Response))
#7 {main}


2015-10-23 07:05:50 Error: [Cake\Datasource\Exception\RecordNotFoundException] Record not found in table "tickets"
Request URL: /OranTicket/tickets/view/%3C
Stack Trace:
#0 /var/www/OranTicket/vendor/cakephp/cakephp/src/ORM/Table.php(1187): Cake\ORM\Query->firstOrFail()
#1 /var/www/OranTicket/src/Controller/TicketsController.php(79): Cake\ORM\Table->get('<', Array)
#2 [internal function]: App\Controller\TicketsController->view('<')
#3 /var/www/OranTicket/vendor/cakephp/cakephp/src/Controller/Controller.php(429): call_user_func_array(Array, Array)
#4 /var/www/OranTicket/vendor/cakephp/cakephp/src/Routing/Dispatcher.php(114): Cake\Controller\Controller->invokeAction()
#5 /var/www/OranTicket/vendor/cakephp/cakephp/src/Routing/Dispatcher.php(87): Cake\Routing\Dispatcher->_invoke(Object(App\Controller\TicketsController))
#6 /var/www/OranTicket/webroot/index.php(37): Cake\Routing\Dispatcher->dispatch(Object(Cake\Network\Request), Object(Cake\Network\Response))
#7 {main}


2015-10-23 07:05:50 Error: [Cake\Datasource\Exception\RecordNotFoundException] Record not found in table "tickets"
Request URL: /OranTicket/tickets/view/%3C
Stack Trace:
#0 /var/www/OranTicket/vendor/cakephp/cakephp/src/ORM/Table.php(1187): Cake\ORM\Query->firstOrFail()
#1 /var/www/OranTicket/src/Controller/TicketsController.php(79): Cake\ORM\Table->get('<', Array)
#2 [internal function]: App\Controller\TicketsController->view('<')
#3 /var/www/OranTicket/vendor/cakephp/cakephp/src/Controller/Controller.php(429): call_user_func_array(Array, Array)
#4 /var/www/OranTicket/vendor/cakephp/cakephp/src/Routing/Dispatcher.php(114): Cake\Controller\Controller->invokeAction()
#5 /var/www/OranTicket/vendor/cakephp/cakephp/src/Routing/Dispatcher.php(87): Cake\Routing\Dispatcher->_invoke(Object(App\Controller\TicketsController))
#6 /var/www/OranTicket/webroot/index.php(37): Cake\Routing\Dispatcher->dispatch(Object(Cake\Network\Request), Object(Cake\Network\Response))
#7 {main}


2015-10-23 07:05:56 Error: [Cake\Datasource\Exception\RecordNotFoundException] Record not found in table "tickets"
Request URL: /OranTicket/tickets/view/%3C
Stack Trace:
#0 /var/www/OranTicket/vendor/cakephp/cakephp/src/ORM/Table.php(1187): Cake\ORM\Query->firstOrFail()
#1 /var/www/OranTicket/src/Controller/TicketsController.php(79): Cake\ORM\Table->get('<', Array)
#2 [internal function]: App\Controller\TicketsController->view('<')
#3 /var/www/OranTicket/vendor/cakephp/cakephp/src/Controller/Controller.php(429): call_user_func_array(Array, Array)
#4 /var/www/OranTicket/vendor/cakephp/cakephp/src/Routing/Dispatcher.php(114): Cake\Controller\Controller->invokeAction()
#5 /var/www/OranTicket/vendor/cakephp/cakephp/src/Routing/Dispatcher.php(87): Cake\Routing\Dispatcher->_invoke(Object(App\Controller\TicketsController))
#6 /var/www/OranTicket/webroot/index.php(37): Cake\Routing\Dispatcher->dispatch(Object(Cake\Network\Request), Object(Cake\Network\Response))
#7 {main}


2015-10-23 07:06:06 Error: [Cake\Datasource\Exception\RecordNotFoundException] Record not found in table "tickets"
Request URL: /OranTicket/tickets/view/%3C
Stack Trace:
#0 /var/www/OranTicket/vendor/cakephp/cakephp/src/ORM/Table.php(1187): Cake\ORM\Query->firstOrFail()
#1 /var/www/OranTicket/src/Controller/TicketsController.php(79): Cake\ORM\Table->get('<', Array)
#2 [internal function]: App\Controller\TicketsController->view('<')
#3 /var/www/OranTicket/vendor/cakephp/cakephp/src/Controller/Controller.php(429): call_user_func_array(Array, Array)
#4 /var/www/OranTicket/vendor/cakephp/cakephp/src/Routing/Dispatcher.php(114): Cake\Controller\Controller->invokeAction()
#5 /var/www/OranTicket/vendor/cakephp/cakephp/src/Routing/Dispatcher.php(87): Cake\Routing\Dispatcher->_invoke(Object(App\Controller\TicketsController))
#6 /var/www/OranTicket/webroot/index.php(37): Cake\Routing\Dispatcher->dispatch(Object(Cake\Network\Request), Object(Cake\Network\Response))
#7 {main}


2015-10-23 07:07:58 Error: [Cake\Datasource\Exception\RecordNotFoundException] Record not found in table "tickets"
Request URL: /OranTicket/tickets/view/%3C?php_echo_Router%3A%3Aurl%28array%28%27controller%27=%3E%27comments%27%2C%27action%27%3D%3E%27add%27%29%29%3B%3F%3E
Stack Trace:
#0 /var/www/OranTicket/vendor/cakephp/cakephp/src/ORM/Table.php(1187): Cake\ORM\Query->firstOrFail()
#1 /var/www/OranTicket/src/Controller/TicketsController.php(79): Cake\ORM\Table->get('<', Array)
#2 [internal function]: App\Controller\TicketsController->view('<')
#3 /var/www/OranTicket/vendor/cakephp/cakephp/src/Controller/Controller.php(429): call_user_func_array(Array, Array)
#4 /var/www/OranTicket/vendor/cakephp/cakephp/src/Routing/Dispatcher.php(114): Cake\Controller\Controller->invokeAction()
#5 /var/www/OranTicket/vendor/cakephp/cakephp/src/Routing/Dispatcher.php(87): Cake\Routing\Dispatcher->_invoke(Object(App\Controller\TicketsController))
#6 /var/www/OranTicket/webroot/index.php(37): Cake\Routing\Dispatcher->dispatch(Object(Cake\Network\Request), Object(Cake\Network\Response))
#7 {main}


2015-10-23 07:08:05 Error: [Cake\Datasource\Exception\RecordNotFoundException] Record not found in table "tickets"
Request URL: /OranTicket/tickets/view/%3C?php_echo_Router%3A%3Aurl%28array%28%27controller%27=%3E%27comments%27%2C%27action%27%3D%3E%27add%27%29%29%3B%3F%3E
Stack Trace:
#0 /var/www/OranTicket/vendor/cakephp/cakephp/src/ORM/Table.php(1187): Cake\ORM\Query->firstOrFail()
#1 /var/www/OranTicket/src/Controller/TicketsController.php(79): Cake\ORM\Table->get('<', Array)
#2 [internal function]: App\Controller\TicketsController->view('<')
#3 /var/www/OranTicket/vendor/cakephp/cakephp/src/Controller/Controller.php(429): call_user_func_array(Array, Array)
#4 /var/www/OranTicket/vendor/cakephp/cakephp/src/Routing/Dispatcher.php(114): Cake\Controller\Controller->invokeAction()
#5 /var/www/OranTicket/vendor/cakephp/cakephp/src/Routing/Dispatcher.php(87): Cake\Routing\Dispatcher->_invoke(Object(App\Controller\TicketsController))
#6 /var/www/OranTicket/webroot/index.php(37): Cake\Routing\Dispatcher->dispatch(Object(Cake\Network\Request), Object(Cake\Network\Response))
#7 {main}


2015-10-23 07:08:17 Error: [Cake\Datasource\Exception\RecordNotFoundException] Record not found in table "tickets"
Request URL: /OranTicket/tickets/view/%3C?php_echo_Router%3A%3Aurl%28array%28%27controller%27=%3E%27comments%27%2C%27action%27%3D%3E%27add%27%29%29%3B%3F%3E
Stack Trace:
#0 /var/www/OranTicket/vendor/cakephp/cakephp/src/ORM/Table.php(1187): Cake\ORM\Query->firstOrFail()
#1 /var/www/OranTicket/src/Controller/TicketsController.php(79): Cake\ORM\Table->get('<', Array)
#2 [internal function]: App\Controller\TicketsController->view('<')
#3 /var/www/OranTicket/vendor/cakephp/cakephp/src/Controller/Controller.php(429): call_user_func_array(Array, Array)
#4 /var/www/OranTicket/vendor/cakephp/cakephp/src/Routing/Dispatcher.php(114): Cake\Controller\Controller->invokeAction()
#5 /var/www/OranTicket/vendor/cakephp/cakephp/src/Routing/Dispatcher.php(87): Cake\Routing\Dispatcher->_invoke(Object(App\Controller\TicketsController))
#6 /var/www/OranTicket/webroot/index.php(37): Cake\Routing\Dispatcher->dispatch(Object(Cake\Network\Request), Object(Cake\Network\Response))
#7 {main}


2015-10-23 07:08:52 Error: [Cake\Datasource\Exception\RecordNotFoundException] Record not found in table "tickets"
Request URL: /OranTicket/tickets/view/%3C?php_echo_Router%3A%3Aurl%28array%28%27controller%27=%3E%27comments%27%2C%27action%27%3D%3E%27add%27%29%29%3B%3F%3E
Stack Trace:
#0 /var/www/OranTicket/vendor/cakephp/cakephp/src/ORM/Table.php(1187): Cake\ORM\Query->firstOrFail()
#1 /var/www/OranTicket/src/Controller/TicketsController.php(79): Cake\ORM\Table->get('<', Array)
#2 [internal function]: App\Controller\TicketsController->view('<')
#3 /var/www/OranTicket/vendor/cakephp/cakephp/src/Controller/Controller.php(429): call_user_func_array(Array, Array)
#4 /var/www/OranTicket/vendor/cakephp/cakephp/src/Routing/Dispatcher.php(114): Cake\Controller\Controller->invokeAction()
#5 /var/www/OranTicket/vendor/cakephp/cakephp/src/Routing/Dispatcher.php(87): Cake\Routing\Dispatcher->_invoke(Object(App\Controller\TicketsController))
#6 /var/www/OranTicket/webroot/index.php(37): Cake\Routing\Dispatcher->dispatch(Object(Cake\Network\Request), Object(Cake\Network\Response))
#7 {main}


2015-10-23 07:09:45 Error: [Cake\Datasource\Exception\RecordNotFoundException] Record not found in table "tickets"
Request URL: /OranTicket/tickets/view/comments/add
Stack Trace:
#0 /var/www/OranTicket/vendor/cakephp/cakephp/src/ORM/Table.php(1187): Cake\ORM\Query->firstOrFail()
#1 /var/www/OranTicket/src/Controller/TicketsController.php(79): Cake\ORM\Table->get('comments', Array)
#2 [internal function]: App\Controller\TicketsController->view('comments', 'add')
#3 /var/www/OranTicket/vendor/cakephp/cakephp/src/Controller/Controller.php(429): call_user_func_array(Array, Array)
#4 /var/www/OranTicket/vendor/cakephp/cakephp/src/Routing/Dispatcher.php(114): Cake\Controller\Controller->invokeAction()
#5 /var/www/OranTicket/vendor/cakephp/cakephp/src/Routing/Dispatcher.php(87): Cake\Routing\Dispatcher->_invoke(Object(App\Controller\TicketsController))
#6 /var/www/OranTicket/webroot/index.php(37): Cake\Routing\Dispatcher->dispatch(Object(Cake\Network\Request), Object(Cake\Network\Response))
#7 {main}


2015-10-23 07:16:47 Error: [Cake\Routing\Exception\MissingControllerException] Controller class Ticket could not be found.
Exception Attributes: array (
  'class' => 'Ticket',
  'plugin' => NULL,
  'prefix' => NULL,
  '_ext' => NULL,
)
Request URL: /OranTicket/comments/add
Stack Trace:
#0 /var/www/OranTicket/vendor/cakephp/cakephp/src/Routing/RequestActionTrait.php(152): Cake\Routing\Dispatcher->dispatch(Object(Cake\Network\Request), Object(Cake\Network\Response))
#1 /var/www/OranTicket/vendor/cakephp/cakephp/src/Controller/Component/RequestHandlerComponent.php(275): Cake\Controller\Controller->requestAction('/ticket', Array)
#2 /var/www/OranTicket/vendor/cakephp/cakephp/src/Event/EventManager.php(389): Cake\Controller\Component\RequestHandlerComponent->beforeRedirect(Object(Cake\Event\Event), Array, Object(Cake\Network\Response))
#3 /var/www/OranTicket/vendor/cakephp/cakephp/src/Event/EventManager.php(355): Cake\Event\EventManager->_callListener(Array, Object(Cake\Event\Event))
#4 /var/www/OranTicket/vendor/cakephp/cakephp/src/Event/EventDispatcherTrait.php(78): Cake\Event\EventManager->dispatch(Object(Cake\Event\Event))
#5 /var/www/OranTicket/vendor/cakephp/cakephp/src/Controller/Controller.php(537): Cake\Controller\Controller->dispatchEvent('Controller.befo...', Array)
#6 /var/www/OranTicket/src/Controller/CommentsController.php(60): Cake\Controller\Controller->redirect(Array)
#7 [internal function]: App\Controller\CommentsController->add()
#8 /var/www/OranTicket/vendor/cakephp/cakephp/src/Controller/Controller.php(429): call_user_func_array(Array, Array)
#9 /var/www/OranTicket/vendor/cakephp/cakephp/src/Routing/Dispatcher.php(114): Cake\Controller\Controller->invokeAction()
#10 /var/www/OranTicket/vendor/cakephp/cakephp/src/Routing/Dispatcher.php(87): Cake\Routing\Dispatcher->_invoke(Object(App\Controller\CommentsController))
#11 /var/www/OranTicket/webroot/index.php(37): Cake\Routing\Dispatcher->dispatch(Object(Cake\Network\Request), Object(Cake\Network\Response))
#12 {main}


2015-10-23 07:16:49 Error: [Cake\Routing\Exception\MissingControllerException] Controller class Ticket could not be found.
Exception Attributes: array (
  'class' => 'Ticket',
  'plugin' => NULL,
  'prefix' => NULL,
  '_ext' => NULL,
)
Request URL: /OranTicket/comments/add
Stack Trace:
#0 /var/www/OranTicket/vendor/cakephp/cakephp/src/Routing/RequestActionTrait.php(152): Cake\Routing\Dispatcher->dispatch(Object(Cake\Network\Request), Object(Cake\Network\Response))
#1 /var/www/OranTicket/vendor/cakephp/cakephp/src/Controller/Component/RequestHandlerComponent.php(275): Cake\Controller\Controller->requestAction('/ticket', Array)
#2 /var/www/OranTicket/vendor/cakephp/cakephp/src/Event/EventManager.php(389): Cake\Controller\Component\RequestHandlerComponent->beforeRedirect(Object(Cake\Event\Event), Array, Object(Cake\Network\Response))
#3 /var/www/OranTicket/vendor/cakephp/cakephp/src/Event/EventManager.php(355): Cake\Event\EventManager->_callListener(Array, Object(Cake\Event\Event))
#4 /var/www/OranTicket/vendor/cakephp/cakephp/src/Event/EventDispatcherTrait.php(78): Cake\Event\EventManager->dispatch(Object(Cake\Event\Event))
#5 /var/www/OranTicket/vendor/cakephp/cakephp/src/Controller/Controller.php(537): Cake\Controller\Controller->dispatchEvent('Controller.befo...', Array)
#6 /var/www/OranTicket/src/Controller/CommentsController.php(60): Cake\Controller\Controller->redirect(Array)
#7 [internal function]: App\Controller\CommentsController->add()
#8 /var/www/OranTicket/vendor/cakephp/cakephp/src/Controller/Controller.php(429): call_user_func_array(Array, Array)
#9 /var/www/OranTicket/vendor/cakephp/cakephp/src/Routing/Dispatcher.php(114): Cake\Controller\Controller->invokeAction()
#10 /var/www/OranTicket/vendor/cakephp/cakephp/src/Routing/Dispatcher.php(87): Cake\Routing\Dispatcher->_invoke(Object(App\Controller\CommentsController))
#11 /var/www/OranTicket/webroot/index.php(37): Cake\Routing\Dispatcher->dispatch(Object(Cake\Network\Request), Object(Cake\Network\Response))
#12 {main}


2015-10-23 07:16:50 Error: [Cake\Routing\Exception\MissingControllerException] Controller class Ticket could not be found.
Exception Attributes: array (
  'class' => 'Ticket',
  'plugin' => NULL,
  'prefix' => NULL,
  '_ext' => NULL,
)
Request URL: /OranTicket/comments/add
Stack Trace:
#0 /var/www/OranTicket/vendor/cakephp/cakephp/src/Routing/RequestActionTrait.php(152): Cake\Routing\Dispatcher->dispatch(Object(Cake\Network\Request), Object(Cake\Network\Response))
#1 /var/www/OranTicket/vendor/cakephp/cakephp/src/Controller/Component/RequestHandlerComponent.php(275): Cake\Controller\Controller->requestAction('/ticket', Array)
#2 /var/www/OranTicket/vendor/cakephp/cakephp/src/Event/EventManager.php(389): Cake\Controller\Component\RequestHandlerComponent->beforeRedirect(Object(Cake\Event\Event), Array, Object(Cake\Network\Response))
#3 /var/www/OranTicket/vendor/cakephp/cakephp/src/Event/EventManager.php(355): Cake\Event\EventManager->_callListener(Array, Object(Cake\Event\Event))
#4 /var/www/OranTicket/vendor/cakephp/cakephp/src/Event/EventDispatcherTrait.php(78): Cake\Event\EventManager->dispatch(Object(Cake\Event\Event))
#5 /var/www/OranTicket/vendor/cakephp/cakephp/src/Controller/Controller.php(537): Cake\Controller\Controller->dispatchEvent('Controller.befo...', Array)
#6 /var/www/OranTicket/src/Controller/CommentsController.php(60): Cake\Controller\Controller->redirect(Array)
#7 [internal function]: App\Controller\CommentsController->add()
#8 /var/www/OranTicket/vendor/cakephp/cakephp/src/Controller/Controller.php(429): call_user_func_array(Array, Array)
#9 /var/www/OranTicket/vendor/cakephp/cakephp/src/Routing/Dispatcher.php(114): Cake\Controller\Controller->invokeAction()
#10 /var/www/OranTicket/vendor/cakephp/cakephp/src/Routing/Dispatcher.php(87): Cake\Routing\Dispatcher->_invoke(Object(App\Controller\CommentsController))
#11 /var/www/OranTicket/webroot/index.php(37): Cake\Routing\Dispatcher->dispatch(Object(Cake\Network\Request), Object(Cake\Network\Response))
#12 {main}


2015-10-23 07:16:50 Error: [Cake\Routing\Exception\MissingControllerException] Controller class Ticket could not be found.
Exception Attributes: array (
  'class' => 'Ticket',
  'plugin' => NULL,
  'prefix' => NULL,
  '_ext' => NULL,
)
Request URL: /OranTicket/comments/add
Stack Trace:
#0 /var/www/OranTicket/vendor/cakephp/cakephp/src/Routing/RequestActionTrait.php(152): Cake\Routing\Dispatcher->dispatch(Object(Cake\Network\Request), Object(Cake\Network\Response))
#1 /var/www/OranTicket/vendor/cakephp/cakephp/src/Controller/Component/RequestHandlerComponent.php(275): Cake\Controller\Controller->requestAction('/ticket', Array)
#2 /var/www/OranTicket/vendor/cakephp/cakephp/src/Event/EventManager.php(389): Cake\Controller\Component\RequestHandlerComponent->beforeRedirect(Object(Cake\Event\Event), Array, Object(Cake\Network\Response))
#3 /var/www/OranTicket/vendor/cakephp/cakephp/src/Event/EventManager.php(355): Cake\Event\EventManager->_callListener(Array, Object(Cake\Event\Event))
#4 /var/www/OranTicket/vendor/cakephp/cakephp/src/Event/EventDispatcherTrait.php(78): Cake\Event\EventManager->dispatch(Object(Cake\Event\Event))
#5 /var/www/OranTicket/vendor/cakephp/cakephp/src/Controller/Controller.php(537): Cake\Controller\Controller->dispatchEvent('Controller.befo...', Array)
#6 /var/www/OranTicket/src/Controller/CommentsController.php(60): Cake\Controller\Controller->redirect(Array)
#7 [internal function]: App\Controller\CommentsController->add()
#8 /var/www/OranTicket/vendor/cakephp/cakephp/src/Controller/Controller.php(429): call_user_func_array(Array, Array)
#9 /var/www/OranTicket/vendor/cakephp/cakephp/src/Routing/Dispatcher.php(114): Cake\Controller\Controller->invokeAction()
#10 /var/www/OranTicket/vendor/cakephp/cakephp/src/Routing/Dispatcher.php(87): Cake\Routing\Dispatcher->_invoke(Object(App\Controller\CommentsController))
#11 /var/www/OranTicket/webroot/index.php(37): Cake\Routing\Dispatcher->dispatch(Object(Cake\Network\Request), Object(Cake\Network\Response))
#12 {main}


2015-10-23 07:16:50 Error: [Cake\Routing\Exception\MissingControllerException] Controller class Ticket could not be found.
Exception Attributes: array (
  'class' => 'Ticket',
  'plugin' => NULL,
  'prefix' => NULL,
  '_ext' => NULL,
)
Request URL: /OranTicket/comments/add
Stack Trace:
#0 /var/www/OranTicket/vendor/cakephp/cakephp/src/Routing/RequestActionTrait.php(152): Cake\Routing\Dispatcher->dispatch(Object(Cake\Network\Request), Object(Cake\Network\Response))
#1 /var/www/OranTicket/vendor/cakephp/cakephp/src/Controller/Component/RequestHandlerComponent.php(275): Cake\Controller\Controller->requestAction('/ticket', Array)
#2 /var/www/OranTicket/vendor/cakephp/cakephp/src/Event/EventManager.php(389): Cake\Controller\Component\RequestHandlerComponent->beforeRedirect(Object(Cake\Event\Event), Array, Object(Cake\Network\Response))
#3 /var/www/OranTicket/vendor/cakephp/cakephp/src/Event/EventManager.php(355): Cake\Event\EventManager->_callListener(Array, Object(Cake\Event\Event))
#4 /var/www/OranTicket/vendor/cakephp/cakephp/src/Event/EventDispatcherTrait.php(78): Cake\Event\EventManager->dispatch(Object(Cake\Event\Event))
#5 /var/www/OranTicket/vendor/cakephp/cakephp/src/Controller/Controller.php(537): Cake\Controller\Controller->dispatchEvent('Controller.befo...', Array)
#6 /var/www/OranTicket/src/Controller/CommentsController.php(60): Cake\Controller\Controller->redirect(Array)
#7 [internal function]: App\Controller\CommentsController->add()
#8 /var/www/OranTicket/vendor/cakephp/cakephp/src/Controller/Controller.php(429): call_user_func_array(Array, Array)
#9 /var/www/OranTicket/vendor/cakephp/cakephp/src/Routing/Dispatcher.php(114): Cake\Controller\Controller->invokeAction()
#10 /var/www/OranTicket/vendor/cakephp/cakephp/src/Routing/Dispatcher.php(87): Cake\Routing\Dispatcher->_invoke(Object(App\Controller\CommentsController))
#11 /var/www/OranTicket/webroot/index.php(37): Cake\Routing\Dispatcher->dispatch(Object(Cake\Network\Request), Object(Cake\Network\Response))
#12 {main}


2015-10-23 07:16:50 Error: [Cake\Routing\Exception\MissingControllerException] Controller class Ticket could not be found.
Exception Attributes: array (
  'class' => 'Ticket',
  'plugin' => NULL,
  'prefix' => NULL,
  '_ext' => NULL,
)
Request URL: /OranTicket/comments/add
Stack Trace:
#0 /var/www/OranTicket/vendor/cakephp/cakephp/src/Routing/RequestActionTrait.php(152): Cake\Routing\Dispatcher->dispatch(Object(Cake\Network\Request), Object(Cake\Network\Response))
#1 /var/www/OranTicket/vendor/cakephp/cakephp/src/Controller/Component/RequestHandlerComponent.php(275): Cake\Controller\Controller->requestAction('/ticket', Array)
#2 /var/www/OranTicket/vendor/cakephp/cakephp/src/Event/EventManager.php(389): Cake\Controller\Component\RequestHandlerComponent->beforeRedirect(Object(Cake\Event\Event), Array, Object(Cake\Network\Response))
#3 /var/www/OranTicket/vendor/cakephp/cakephp/src/Event/EventManager.php(355): Cake\Event\EventManager->_callListener(Array, Object(Cake\Event\Event))
#4 /var/www/OranTicket/vendor/cakephp/cakephp/src/Event/EventDispatcherTrait.php(78): Cake\Event\EventManager->dispatch(Object(Cake\Event\Event))
#5 /var/www/OranTicket/vendor/cakephp/cakephp/src/Controller/Controller.php(537): Cake\Controller\Controller->dispatchEvent('Controller.befo...', Array)
#6 /var/www/OranTicket/src/Controller/CommentsController.php(60): Cake\Controller\Controller->redirect(Array)
#7 [internal function]: App\Controller\CommentsController->add()
#8 /var/www/OranTicket/vendor/cakephp/cakephp/src/Controller/Controller.php(429): call_user_func_array(Array, Array)
#9 /var/www/OranTicket/vendor/cakephp/cakephp/src/Routing/Dispatcher.php(114): Cake\Controller\Controller->invokeAction()
#10 /var/www/OranTicket/vendor/cakephp/cakephp/src/Routing/Dispatcher.php(87): Cake\Routing\Dispatcher->_invoke(Object(App\Controller\CommentsController))
#11 /var/www/OranTicket/webroot/index.php(37): Cake\Routing\Dispatcher->dispatch(Object(Cake\Network\Request), Object(Cake\Network\Response))
#12 {main}


2015-10-23 07:16:50 Error: [Cake\Routing\Exception\MissingControllerException] Controller class Ticket could not be found.
Exception Attributes: array (
  'class' => 'Ticket',
  'plugin' => NULL,
  'prefix' => NULL,
  '_ext' => NULL,
)
Request URL: /OranTicket/comments/add
Stack Trace:
#0 /var/www/OranTicket/vendor/cakephp/cakephp/src/Routing/RequestActionTrait.php(152): Cake\Routing\Dispatcher->dispatch(Object(Cake\Network\Request), Object(Cake\Network\Response))
#1 /var/www/OranTicket/vendor/cakephp/cakephp/src/Controller/Component/RequestHandlerComponent.php(275): Cake\Controller\Controller->requestAction('/ticket', Array)
#2 /var/www/OranTicket/vendor/cakephp/cakephp/src/Event/EventManager.php(389): Cake\Controller\Component\RequestHandlerComponent->beforeRedirect(Object(Cake\Event\Event), Array, Object(Cake\Network\Response))
#3 /var/www/OranTicket/vendor/cakephp/cakephp/src/Event/EventManager.php(355): Cake\Event\EventManager->_callListener(Array, Object(Cake\Event\Event))
#4 /var/www/OranTicket/vendor/cakephp/cakephp/src/Event/EventDispatcherTrait.php(78): Cake\Event\EventManager->dispatch(Object(Cake\Event\Event))
#5 /var/www/OranTicket/vendor/cakephp/cakephp/src/Controller/Controller.php(537): Cake\Controller\Controller->dispatchEvent('Controller.befo...', Array)
#6 /var/www/OranTicket/src/Controller/CommentsController.php(60): Cake\Controller\Controller->redirect(Array)
#7 [internal function]: App\Controller\CommentsController->add()
#8 /var/www/OranTicket/vendor/cakephp/cakephp/src/Controller/Controller.php(429): call_user_func_array(Array, Array)
#9 /var/www/OranTicket/vendor/cakephp/cakephp/src/Routing/Dispatcher.php(114): Cake\Controller\Controller->invokeAction()
#10 /var/www/OranTicket/vendor/cakephp/cakephp/src/Routing/Dispatcher.php(87): Cake\Routing\Dispatcher->_invoke(Object(App\Controller\CommentsController))
#11 /var/www/OranTicket/webroot/index.php(37): Cake\Routing\Dispatcher->dispatch(Object(Cake\Network\Request), Object(Cake\Network\Response))
#12 {main}


2015-10-23 17:01:26 Error: [Cake\Routing\Exception\MissingControllerException] Controller class Favicon.ico could not be found.
Exception Attributes: array (
  'class' => 'Favicon.ico',
  'plugin' => NULL,
  'prefix' => NULL,
  '_ext' => NULL,
)
Request URL: /OranTicket/favicon.ico
Stack Trace:
#0 /var/www/OranTicket/webroot/index.php(37): Cake\Routing\Dispatcher->dispatch(Object(Cake\Network\Request), Object(Cake\Network\Response))
#1 {main}


2015-10-23 17:47:41 Error: [Cake\Routing\Exception\MissingControllerException] Controller class Favicon.ico could not be found.
Exception Attributes: array (
  'class' => 'Favicon.ico',
  'plugin' => NULL,
  'prefix' => NULL,
  '_ext' => NULL,
)
Request URL: /OranTicket/favicon.ico
Stack Trace:
#0 /var/www/OranTicket/webroot/index.php(37): Cake\Routing\Dispatcher->dispatch(Object(Cake\Network\Request), Object(Cake\Network\Response))
#1 {main}


2015-10-23 17:47:41 Error: [Cake\Routing\Exception\MissingControllerException] Controller class Favicon.ico could not be found.
Exception Attributes: array (
  'class' => 'Favicon.ico',
  'plugin' => NULL,
  'prefix' => NULL,
  '_ext' => NULL,
)
Request URL: /OranTicket/favicon.ico
Stack Trace:
#0 /var/www/OranTicket/webroot/index.php(37): Cake\Routing\Dispatcher->dispatch(Object(Cake\Network\Request), Object(Cake\Network\Response))
#1 {main}


2015-10-23 18:52:51 Error: Fatal Error (1): Call to a member function session() on null in [/var/www/OranTicket/src/Controller/Personnalisation.php, line 3]
Trace:
Cake\Error\BaseErrorHandler::handleFatalError() - CORE/src/Error/BaseErrorHandler.php, line 191
Cake\Error\BaseErrorHandler::Cake\Error\{closure}() - CORE/src/Error/BaseErrorHandler.php, line 90
[main] - [internal], line ??



2015-10-23 18:52:52 Error: [Cake\Error\FatalErrorException] Call to a member function session() on null
Request URL: /OranTicket/users/profile/6
Stack Trace:
#0 /var/www/OranTicket/vendor/cakephp/cakephp/src/Error/BaseErrorHandler.php(90): Cake\Error\BaseErrorHandler->handleFatalError(1, 'Call to a membe...', '/var/www/OranTi...', 3)
#1 [internal function]: Cake\Error\BaseErrorHandler->Cake\Error\{closure}()
#2 {main}


2015-10-23 18:56:17 Warning: Warning (2): include(Personnalisation.php): failed to open stream: No such file or directory in [/var/www/OranTicket/src/Controller/AppController.php, line 12]
Trace:
Cake\Error\BaseErrorHandler::handleError() - CORE/src/Error/BaseErrorHandler.php, line 138
App\Controller\AppController::__construct() - APP/Controller/AppController.php, line 12
App\Controller\AppController::__construct() - APP/Controller/AppController.php, line 12
ReflectionClass::newInstance() - [internal], line ??
Cake\Routing\Filter\ControllerFactoryFilter::_getController() - CORE/src/Routing/Filter/ControllerFactoryFilter.php, line 91
Cake\Routing\Filter\ControllerFactoryFilter::beforeDispatch() - CORE/src/Routing/Filter/ControllerFactoryFilter.php, line 50
Cake\Routing\DispatcherFilter::handle() - CORE/src/Routing/DispatcherFilter.php, line 145
Cake\Event\EventManager::_callListener() - CORE/src/Event/EventManager.php, line 389
Cake\Event\EventManager::dispatch() - CORE/src/Event/EventManager.php, line 355
Cake\Routing\Dispatcher::dispatchEvent() - CORE/src/Event/EventDispatcherTrait.php, line 78
Cake\Routing\Dispatcher::dispatch() - CORE/src/Routing/Dispatcher.php, line 62
[main] - ROOT/webroot/index.php, line 37



2015-10-23 18:56:17 Warning: Warning (2): include() [<a href='http://php.net/function.include'>function.include</a>]: Failed opening 'Personnalisation.php' for inclusion (include_path='.:/usr/share/php:/usr/share/pear') in [/var/www/OranTicket/src/Controller/AppController.php, line 12]
Trace:
Cake\Error\BaseErrorHandler::handleError() - CORE/src/Error/BaseErrorHandler.php, line 138
App\Controller\AppController::__construct() - APP/Controller/AppController.php, line 12
App\Controller\AppController::__construct() - APP/Controller/AppController.php, line 12
ReflectionClass::newInstance() - [internal], line ??
Cake\Routing\Filter\ControllerFactoryFilter::_getController() - CORE/src/Routing/Filter/ControllerFactoryFilter.php, line 91
Cake\Routing\Filter\ControllerFactoryFilter::beforeDispatch() - CORE/src/Routing/Filter/ControllerFactoryFilter.php, line 50
Cake\Routing\DispatcherFilter::handle() - CORE/src/Routing/DispatcherFilter.php, line 145
Cake\Event\EventManager::_callListener() - CORE/src/Event/EventManager.php, line 389
Cake\Event\EventManager::dispatch() - CORE/src/Event/EventManager.php, line 355
Cake\Routing\Dispatcher::dispatchEvent() - CORE/src/Event/EventDispatcherTrait.php, line 78
Cake\Routing\Dispatcher::dispatch() - CORE/src/Routing/Dispatcher.php, line 62
[main] - ROOT/webroot/index.php, line 37



2015-10-23 18:56:17 Error: [LogicException] No Request object configured. Cannot invoke action
Request URL: /OranTicket/users/profile/6
Stack Trace:
#0 /var/www/OranTicket/vendor/cakephp/cakephp/src/Routing/Dispatcher.php(114): Cake\Controller\Controller->invokeAction()
#1 /var/www/OranTicket/vendor/cakephp/cakephp/src/Routing/Dispatcher.php(87): Cake\Routing\Dispatcher->_invoke(Object(App\Controller\UsersController))
#2 /var/www/OranTicket/webroot/index.php(37): Cake\Routing\Dispatcher->dispatch(Object(Cake\Network\Request), Object(Cake\Network\Response))
#3 {main}


2015-10-24 07:06:31 Error: [Cake\Routing\Exception\MissingControllerException] Controller class Favicon.ico could not be found.
Exception Attributes: array (
  'class' => 'Favicon.ico',
  'plugin' => NULL,
  'prefix' => NULL,
  '_ext' => NULL,
)
Request URL: /OranTicket/favicon.ico
Stack Trace:
#0 /var/www/OranTicket/webroot/index.php(37): Cake\Routing\Dispatcher->dispatch(Object(Cake\Network\Request), Object(Cake\Network\Response))
#1 {main}


2015-10-25 16:29:46 Error: [Cake\Routing\Exception\MissingControllerException] Controller class Favicon.ico could not be found.
Exception Attributes: array (
  'class' => 'Favicon.ico',
  'plugin' => NULL,
  'prefix' => NULL,
  '_ext' => NULL,
)
Request URL: /OranTicket/favicon.ico
Stack Trace:
#0 /var/www/OranTicket/webroot/index.php(37): Cake\Routing\Dispatcher->dispatch(Object(Cake\Network\Request), Object(Cake\Network\Response))
#1 {main}


2015-10-26 23:03:19 Error: [Cake\Routing\Exception\MissingControllerException] Controller class Favicon.ico could not be found.
Exception Attributes: array (
  'class' => 'Favicon.ico',
  'plugin' => NULL,
  'prefix' => NULL,
  '_ext' => NULL,
)
Request URL: /OranTicket/favicon.ico
Stack Trace:
#0 /var/www/OranTicket/webroot/index.php(37): Cake\Routing\Dispatcher->dispatch(Object(Cake\Network\Request), Object(Cake\Network\Response))
#1 {main}


2015-10-28 12:41:49 Error: [Cake\Routing\Exception\MissingControllerException] Controller class Favicon.ico could not be found.
Exception Attributes: array (
  'class' => 'Favicon.ico',
  'plugin' => NULL,
  'prefix' => NULL,
  '_ext' => NULL,
)
Request URL: /OranTicket/favicon.ico
Stack Trace:
#0 /var/www/OranTicket/webroot/index.php(37): Cake\Routing\Dispatcher->dispatch(Object(Cake\Network\Request), Object(Cake\Network\Response))
#1 {main}


2015-10-28 14:00:08 Error: Fatal Error (1): Call to undefined method App\View\AppView::url() in [/var/www/OranTicket/src/Template/Admin/Users/index.ctp, line 36]
Trace:
Cake\Error\BaseErrorHandler::handleFatalError() - CORE/src/Error/BaseErrorHandler.php, line 191
Cake\Error\BaseErrorHandler::Cake\Error\{closure}() - CORE/src/Error/BaseErrorHandler.php, line 90
[main] - [internal], line ??



2015-10-28 14:00:08 Error: [Cake\Error\FatalErrorException] Call to undefined method App\View\AppView::url()
Request URL: /OranTicket/admin/
Stack Trace:
#0 /var/www/OranTicket/vendor/cakephp/cakephp/src/Error/BaseErrorHandler.php(90): Cake\Error\BaseErrorHandler->handleFatalError(1, 'Call to undefin...', '/var/www/OranTi...', 36)
#1 [internal function]: Cake\Error\BaseErrorHandler->Cake\Error\{closure}()
#2 {main}


2015-10-28 14:10:34 Error: Fatal Error (1): Call to undefined method App\View\AppView::url() in [/var/www/OranTicket/src/Template/Users/index.ctp, line 31]
Trace:
Cake\Error\BaseErrorHandler::handleFatalError() - CORE/src/Error/BaseErrorHandler.php, line 191
Cake\Error\BaseErrorHandler::Cake\Error\{closure}() - CORE/src/Error/BaseErrorHandler.php, line 90
[main] - [internal], line ??



2015-10-28 14:10:34 Error: [Cake\Error\FatalErrorException] Call to undefined method App\View\AppView::url()
Request URL: /OranTicket/users
Stack Trace:
#0 /var/www/OranTicket/vendor/cakephp/cakephp/src/Error/BaseErrorHandler.php(90): Cake\Error\BaseErrorHandler->handleFatalError(1, 'Call to undefin...', '/var/www/OranTi...', 31)
#1 [internal function]: Cake\Error\BaseErrorHandler->Cake\Error\{closure}()
#2 {main}


2015-10-28 15:07:19 Error: [InvalidArgumentException] Unable to call method "" in "default" provider for field "username"
Request URL: /OranTicket/register
Stack Trace:
#0 /var/www/OranTicket/vendor/cakephp/cakephp/src/Validation/Validator.php(667): Cake\Validation\ValidationRule->process('hhh', Array, Array)
#1 /var/www/OranTicket/vendor/cakephp/cakephp/src/Validation/Validator.php(136): Cake\Validation\Validator->_processRules('username', Object(Cake\Validation\ValidationSet), Array, true)
#2 /var/www/OranTicket/vendor/cakephp/cakephp/src/ORM/Marshaller.php(189): Cake\Validation\Validator->errors(Array, true)
#3 /var/www/OranTicket/vendor/cakephp/cakephp/src/ORM/Marshaller.php(457): Cake\ORM\Marshaller->_validate(Array, Array, true)
#4 /var/www/OranTicket/vendor/cakephp/cakephp/src/ORM/Table.php(2046): Cake\ORM\Marshaller->merge(Object(App\Model\Entity\User), Array, Array)
#5 /var/www/OranTicket/src/Controller/UsersController.php(137): Cake\ORM\Table->patchEntity(Object(App\Model\Entity\User), Array)
#6 [internal function]: App\Controller\UsersController->add()
#7 /var/www/OranTicket/vendor/cakephp/cakephp/src/Controller/Controller.php(429): call_user_func_array(Array, Array)
#8 /var/www/OranTicket/vendor/cakephp/cakephp/src/Routing/Dispatcher.php(114): Cake\Controller\Controller->invokeAction()
#9 /var/www/OranTicket/vendor/cakephp/cakephp/src/Routing/Dispatcher.php(87): Cake\Routing\Dispatcher->_invoke(Object(App\Controller\UsersController))
#10 /var/www/OranTicket/webroot/index.php(37): Cake\Routing\Dispatcher->dispatch(Object(Cake\Network\Request), Object(Cake\Network\Response))
#11 {main}


2015-10-28 15:10:19 Error: [InvalidArgumentException] Unable to call method "" in "default" provider for field "username"
Request URL: /OranTicket/register
Stack Trace:
#0 /var/www/OranTicket/vendor/cakephp/cakephp/src/Validation/Validator.php(667): Cake\Validation\ValidationRule->process('hhh', Array, Array)
#1 /var/www/OranTicket/vendor/cakephp/cakephp/src/Validation/Validator.php(136): Cake\Validation\Validator->_processRules('username', Object(Cake\Validation\ValidationSet), Array, true)
#2 /var/www/OranTicket/vendor/cakephp/cakephp/src/ORM/Marshaller.php(189): Cake\Validation\Validator->errors(Array, true)
#3 /var/www/OranTicket/vendor/cakephp/cakephp/src/ORM/Marshaller.php(457): Cake\ORM\Marshaller->_validate(Array, Array, true)
#4 /var/www/OranTicket/vendor/cakephp/cakephp/src/ORM/Table.php(2046): Cake\ORM\Marshaller->merge(Object(App\Model\Entity\User), Array, Array)
#5 /var/www/OranTicket/src/Controller/UsersController.php(137): Cake\ORM\Table->patchEntity(Object(App\Model\Entity\User), Array)
#6 [internal function]: App\Controller\UsersController->add()
#7 /var/www/OranTicket/vendor/cakephp/cakephp/src/Controller/Controller.php(429): call_user_func_array(Array, Array)
#8 /var/www/OranTicket/vendor/cakephp/cakephp/src/Routing/Dispatcher.php(114): Cake\Controller\Controller->invokeAction()
#9 /var/www/OranTicket/vendor/cakephp/cakephp/src/Routing/Dispatcher.php(87): Cake\Routing\Dispatcher->_invoke(Object(App\Controller\UsersController))
#10 /var/www/OranTicket/webroot/index.php(37): Cake\Routing\Dispatcher->dispatch(Object(Cake\Network\Request), Object(Cake\Network\Response))
#11 {main}


2015-10-28 15:13:35 Error: [InvalidArgumentException] Unable to call method "" in "default" provider for field "username"
Request URL: /OranTicket/register
Stack Trace:
#0 /var/www/OranTicket/vendor/cakephp/cakephp/src/Validation/Validator.php(667): Cake\Validation\ValidationRule->process('hhhgggg', Array, Array)
#1 /var/www/OranTicket/vendor/cakephp/cakephp/src/Validation/Validator.php(136): Cake\Validation\Validator->_processRules('username', Object(Cake\Validation\ValidationSet), Array, true)
#2 /var/www/OranTicket/vendor/cakephp/cakephp/src/ORM/Marshaller.php(189): Cake\Validation\Validator->errors(Array, true)
#3 /var/www/OranTicket/vendor/cakephp/cakephp/src/ORM/Marshaller.php(457): Cake\ORM\Marshaller->_validate(Array, Array, true)
#4 /var/www/OranTicket/vendor/cakephp/cakephp/src/ORM/Table.php(2046): Cake\ORM\Marshaller->merge(Object(App\Model\Entity\User), Array, Array)
#5 /var/www/OranTicket/src/Controller/UsersController.php(137): Cake\ORM\Table->patchEntity(Object(App\Model\Entity\User), Array)
#6 [internal function]: App\Controller\UsersController->add()
#7 /var/www/OranTicket/vendor/cakephp/cakephp/src/Controller/Controller.php(429): call_user_func_array(Array, Array)
#8 /var/www/OranTicket/vendor/cakephp/cakephp/src/Routing/Dispatcher.php(114): Cake\Controller\Controller->invokeAction()
#9 /var/www/OranTicket/vendor/cakephp/cakephp/src/Routing/Dispatcher.php(87): Cake\Routing\Dispatcher->_invoke(Object(App\Controller\UsersController))
#10 /var/www/OranTicket/webroot/index.php(37): Cake\Routing\Dispatcher->dispatch(Object(Cake\Network\Request), Object(Cake\Network\Response))
#11 {main}


2015-10-28 15:42:15 Error: [Cake\Datasource\Exception\InvalidPrimaryKeyException] Record not found in table "tickets" with primary key [NULL]
Request URL: /OranTicket/admin/Tickets
Stack Trace:
#0 /var/www/OranTicket/src/Controller/Admin/TicketsController.php(20): Cake\ORM\Table->get(NULL, Array)
#1 [internal function]: App\Controller\Admin\TicketsController->index()
#2 /var/www/OranTicket/vendor/cakephp/cakephp/src/Controller/Controller.php(429): call_user_func_array(Array, Array)
#3 /var/www/OranTicket/vendor/cakephp/cakephp/src/Routing/Dispatcher.php(114): Cake\Controller\Controller->invokeAction()
#4 /var/www/OranTicket/vendor/cakephp/cakephp/src/Routing/Dispatcher.php(87): Cake\Routing\Dispatcher->_invoke(Object(App\Controller\Admin\TicketsController))
#5 /var/www/OranTicket/webroot/index.php(37): Cake\Routing\Dispatcher->dispatch(Object(Cake\Network\Request), Object(Cake\Network\Response))
#6 {main}


2015-10-28 15:43:04 Warning: Warning (2): Invalid argument supplied for foreach() in [/var/www/OranTicket/src/Template/Admin/Tickets/index.ctp, line 67]
Trace:
Cake\Error\BaseErrorHandler::handleError() - CORE/src/Error/BaseErrorHandler.php, line 138
include - APP/Template/Admin/Tickets/index.ctp, line 67
Cake\View\View::_evaluate() - CORE/src/View/View.php, line 970
Cake\View\View::_render() - CORE/src/View/View.php, line 930
Cake\View\View::render() - CORE/src/View/View.php, line 578
Cake\Controller\Controller::render() - CORE/src/Controller/Controller.php, line 611
Cake\Routing\Dispatcher::_invoke() - CORE/src/Routing/Dispatcher.php, line 120
Cake\Routing\Dispatcher::dispatch() - CORE/src/Routing/Dispatcher.php, line 87
[main] - ROOT/webroot/index.php, line 37



2015-10-28 15:43:20 Warning: Warning (2): Invalid argument supplied for foreach() in [/var/www/OranTicket/src/Template/Admin/Tickets/index.ctp, line 67]
Trace:
Cake\Error\BaseErrorHandler::handleError() - CORE/src/Error/BaseErrorHandler.php, line 138
include - APP/Template/Admin/Tickets/index.ctp, line 67
Cake\View\View::_evaluate() - CORE/src/View/View.php, line 970
Cake\View\View::_render() - CORE/src/View/View.php, line 930
Cake\View\View::render() - CORE/src/View/View.php, line 578
Cake\Controller\Controller::render() - CORE/src/Controller/Controller.php, line 611
Cake\Routing\Dispatcher::_invoke() - CORE/src/Routing/Dispatcher.php, line 120
Cake\Routing\Dispatcher::dispatch() - CORE/src/Routing/Dispatcher.php, line 87
[main] - ROOT/webroot/index.php, line 37



2015-10-28 15:46:03 Error: Fatal Error (1): Call to undefined method App\View\AppView::url() in [/var/www/OranTicket/src/Template/Admin/Tickets/index.ctp, line 38]
Trace:
Cake\Error\BaseErrorHandler::handleFatalError() - CORE/src/Error/BaseErrorHandler.php, line 191
Cake\Error\BaseErrorHandler::Cake\Error\{closure}() - CORE/src/Error/BaseErrorHandler.php, line 90
[main] - [internal], line ??



2015-10-28 15:46:03 Error: [Cake\Error\FatalErrorException] Call to undefined method App\View\AppView::url()
Request URL: /OranTicket/admin/Tickets
Stack Trace:
#0 /var/www/OranTicket/vendor/cakephp/cakephp/src/Error/BaseErrorHandler.php(90): Cake\Error\BaseErrorHandler->handleFatalError(1, 'Call to undefin...', '/var/www/OranTi...', 38)
#1 [internal function]: Cake\Error\BaseErrorHandler->Cake\Error\{closure}()
#2 {main}


2015-10-28 16:43:42 Error: [Cake\Routing\Exception\MissingControllerException] Controller class Css could not be found.
Exception Attributes: array (
  'class' => 'Css',
  'plugin' => NULL,
  'prefix' => NULL,
  '_ext' => NULL,
)
Request URL: /OranTicket/css/style.css
Stack Trace:
#0 /var/www/OranTicket/webroot/index.php(37): Cake\Routing\Dispatcher->dispatch(Object(Cake\Network\Request), Object(Cake\Network\Response))
#1 {main}


2015-10-28 16:43:56 Error: [Cake\Routing\Exception\MissingControllerException] Controller class Css could not be found.
Exception Attributes: array (
  'class' => 'Css',
  'plugin' => NULL,
  'prefix' => NULL,
  '_ext' => NULL,
)
Request URL: /OranTicket/css/style.css
Stack Trace:
#0 /var/www/OranTicket/webroot/index.php(37): Cake\Routing\Dispatcher->dispatch(Object(Cake\Network\Request), Object(Cake\Network\Response))
#1 {main}


2015-10-28 17:56:53 Error: [Cake\Routing\Exception\MissingControllerException] Controller class Favicon.ico could not be found.
Exception Attributes: array (
  'class' => 'Favicon.ico',
  'plugin' => NULL,
  'prefix' => NULL,
  '_ext' => NULL,
)
Request URL: /OranTicket/favicon.ico
Stack Trace:
#0 /var/www/OranTicket/webroot/index.php(37): Cake\Routing\Dispatcher->dispatch(Object(Cake\Network\Request), Object(Cake\Network\Response))
#1 {main}


2015-10-28 18:28:02 Error: Fatal Error (4): syntax error, unexpected ';' in [/var/www/OranTicket/src/Template/Element/comment.ctp, line 64]
Trace:
Cake\Error\BaseErrorHandler::handleFatalError() - CORE/src/Error/BaseErrorHandler.php, line 191
Cake\Error\BaseErrorHandler::Cake\Error\{closure}() - CORE/src/Error/BaseErrorHandler.php, line 90
[main] - [internal], line ??



2015-10-28 18:28:03 Error: [Cake\Error\FatalErrorException] syntax error, unexpected ';'
Request URL: /OranTicket/tickets/view/52
Stack Trace:
#0 /var/www/OranTicket/vendor/cakephp/cakephp/src/Error/BaseErrorHandler.php(90): Cake\Error\BaseErrorHandler->handleFatalError(4, 'syntax error, u...', '/var/www/OranTi...', 64)
#1 [internal function]: Cake\Error\BaseErrorHandler->Cake\Error\{closure}()
#2 {main}


2015-10-28 21:12:16 Error: [Cake\Routing\Exception\MissingControllerException] Controller class Favicon.ico could not be found.
Exception Attributes: array (
  'class' => 'Favicon.ico',
  'plugin' => NULL,
  'prefix' => NULL,
  '_ext' => NULL,
)
Request URL: /OranTicket/favicon.ico
Stack Trace:
#0 /var/www/OranTicket/webroot/index.php(37): Cake\Routing\Dispatcher->dispatch(Object(Cake\Network\Request), Object(Cake\Network\Response))
#1 {main}


2015-10-29 09:42:31 Error: [Cake\Routing\Exception\MissingControllerException] Controller class Favicon.ico could not be found.
Exception Attributes: array (
  'class' => 'Favicon.ico',
  'plugin' => NULL,
  'prefix' => NULL,
  '_ext' => NULL,
)
Request URL: /OranTicket/favicon.ico
Stack Trace:
#0 /var/www/OranTicket/webroot/index.php(37): Cake\Routing\Dispatcher->dispatch(Object(Cake\Network\Request), Object(Cake\Network\Response))
#1 {main}


2015-10-29 12:37:04 Error: [Cake\Routing\Exception\MissingControllerException] Controller class Favicon.ico could not be found.
Request URL: /OranTicket/favicon.ico
Stack Trace:
#0 /var/www/OranTicket/webroot/index.php(37): Cake\Routing\Dispatcher->dispatch(Object(Cake\Network\Request), Object(Cake\Network\Response))
#1 {main}


2015-10-29 21:05:30 Error: [Cake\Routing\Exception\MissingControllerException] Controller class Favicon.ico could not be found.
Request URL: /OranTicket/favicon.ico
Stack Trace:
#0 /var/www/OranTicket/webroot/index.php(37): Cake\Routing\Dispatcher->dispatch(Object(Cake\Network\Request), Object(Cake\Network\Response))
#1 {main}


2015-10-30 22:34:18 Error: [Cake\Routing\Exception\MissingControllerException] Controller class Favicon.ico could not be found.
Request URL: /OranTicket/favicon.ico
Stack Trace:
#0 /var/www/OranTicket/webroot/index.php(37): Cake\Routing\Dispatcher->dispatch(Object(Cake\Network\Request), Object(Cake\Network\Response))
#1 {main}


2015-10-30 23:33:41 Error: [Cake\Database\Exception] SQLSTATE[42S02]: Base table or view not found: 1146 Table 'oranticket.notifications' doesn't exist
Request URL: /OranTicket/users
Stack Trace:
#0 /var/www/OranTicket/vendor/cakephp/cakephp/src/Database/Schema/Collection.php(96): Cake\Database\Schema\Collection->_reflect('Column', 'notifications', Array, Object(Cake\Database\Schema\Table))
#1 /var/www/OranTicket/vendor/cakephp/cakephp/src/Database/Schema/CachedCollection.php(64): Cake\Database\Schema\Collection->describe('notifications', Array)
#2 /var/www/OranTicket/vendor/cakephp/cakephp/src/ORM/Table.php(423): Cake\Database\Schema\CachedCollection->describe('notifications')
#3 /var/www/OranTicket/vendor/cakephp/cakephp/src/ORM/Query.php(173): Cake\ORM\Table->schema()
#4 /var/www/OranTicket/vendor/cakephp/cakephp/src/ORM/Query.php(131): Cake\ORM\Query->addDefaultTypes(Object(App\Model\Table\NotificationsTable))
#5 /var/www/OranTicket/vendor/cakephp/cakephp/src/ORM/Table.php(1228): Cake\ORM\Query->__construct(Object(Cake\Database\Connection), Object(App\Model\Table\NotificationsTable))
#6 /var/www/OranTicket/vendor/cakephp/cakephp/src/ORM/Table.php(931): Cake\ORM\Table->query()
#7 /var/www/OranTicket/src/View/Cell/NotificationCell.php(19): Cake\ORM\Table->find()
#8 [internal function]: App\View\Cell\NotificationCell->notifications()
#9 /var/www/OranTicket/vendor/cakephp/cakephp/src/View/CellTrait.php(85): ReflectionMethod->invokeArgs(Object(App\View\Cell\NotificationCell), Array)
#10 /var/www/OranTicket/src/Template/Element/layouts/menu.ctp(42): Cake\View\View->cell('Notification::n...')
#11 /var/www/OranTicket/vendor/cakephp/cakephp/src/View/View.php(970): include('/var/www/OranTi...')
#12 /var/www/OranTicket/vendor/cakephp/cakephp/src/View/View.php(930): Cake\View\View->_evaluate('/var/www/OranTi...', Array)
#13 /var/www/OranTicket/vendor/cakephp/cakephp/src/View/View.php(1310): Cake\View\View->_render('/var/www/OranTi...', Array)
#14 /var/www/OranTicket/vendor/cakephp/cakephp/src/View/View.php(484): Cake\View\View->_renderElement('/var/www/OranTi...', Array, Array)
#15 /var/www/OranTicket/src/Template/Element/layouts/header.ctp(24): Cake\View\View->element('layouts/menu')
#16 /var/www/OranTicket/vendor/cakephp/cakephp/src/View/View.php(970): include('/var/www/OranTi...')
#17 /var/www/OranTicket/vendor/cakephp/cakephp/src/View/View.php(930): Cake\View\View->_evaluate('/var/www/OranTi...', Array)
#18 /var/www/OranTicket/vendor/cakephp/cakephp/src/View/View.php(1310): Cake\View\View->_render('/var/www/OranTi...', Array)
#19 /var/www/OranTicket/vendor/cakephp/cakephp/src/View/View.php(484): Cake\View\View->_renderElement('/var/www/OranTi...', Array, Array)
#20 /var/www/OranTicket/src/Template/Layout/default.ctp(1): Cake\View\View->element('layouts/header')
#21 /var/www/OranTicket/vendor/cakephp/cakephp/src/View/View.php(970): include('/var/www/OranTi...')
#22 /var/www/OranTicket/vendor/cakephp/cakephp/src/View/View.php(930): Cake\View\View->_evaluate('/var/www/OranTi...', Array)
#23 /var/www/OranTicket/vendor/cakephp/cakephp/src/View/View.php(624): Cake\View\View->_render('/var/www/OranTi...')
#24 /var/www/OranTicket/vendor/cakephp/cakephp/src/View/View.php(583): Cake\View\View->renderLayout('', 'default')
#25 /var/www/OranTicket/vendor/cakephp/cakephp/src/Controller/Controller.php(611): Cake\View\View->render(NULL, NULL)
#26 /var/www/OranTicket/vendor/cakephp/cakephp/src/Routing/Dispatcher.php(120): Cake\Controller\Controller->render()
#27 /var/www/OranTicket/vendor/cakephp/cakephp/src/Routing/Dispatcher.php(87): Cake\Routing\Dispatcher->_invoke(Object(App\Controller\UsersController))
#28 /var/www/OranTicket/webroot/index.php(37): Cake\Routing\Dispatcher->dispatch(Object(Cake\Network\Request), Object(Cake\Network\Response))
#29 {main}


2015-10-30 23:33:41 Error: [Cake\Routing\Exception\MissingControllerException] Controller class Css could not be found.
Request URL: /OranTicket/css/base.css
Stack Trace:
#0 /var/www/OranTicket/webroot/index.php(37): Cake\Routing\Dispatcher->dispatch(Object(Cake\Network\Request), Object(Cake\Network\Response))
#1 {main}


2015-10-30 23:33:42 Error: [Cake\Routing\Exception\MissingControllerException] Controller class Css could not be found.
Request URL: /OranTicket/css/cake.css
Stack Trace:
#0 /var/www/OranTicket/webroot/index.php(37): Cake\Routing\Dispatcher->dispatch(Object(Cake\Network\Request), Object(Cake\Network\Response))
#1 {main}


2015-10-30 23:33:42 Error: [Cake\Routing\Exception\MissingControllerException] Controller class Img could not be found.
Request URL: /OranTicket/img/cake.power.gif
Stack Trace:
#0 /var/www/OranTicket/webroot/index.php(37): Cake\Routing\Dispatcher->dispatch(Object(Cake\Network\Request), Object(Cake\Network\Response))
#1 {main}


2015-10-30 23:34:04 Error: [Cake\Database\Exception] SQLSTATE[42S02]: Base table or view not found: 1146 Table 'oranticket.notifications' doesn't exist
Request URL: /OranTicket/users
Stack Trace:
#0 /var/www/OranTicket/vendor/cakephp/cakephp/src/Database/Schema/Collection.php(96): Cake\Database\Schema\Collection->_reflect('Column', 'notifications', Array, Object(Cake\Database\Schema\Table))
#1 /var/www/OranTicket/vendor/cakephp/cakephp/src/Database/Schema/CachedCollection.php(64): Cake\Database\Schema\Collection->describe('notifications', Array)
#2 /var/www/OranTicket/vendor/cakephp/cakephp/src/ORM/Table.php(423): Cake\Database\Schema\CachedCollection->describe('notifications')
#3 /var/www/OranTicket/vendor/cakephp/cakephp/src/ORM/Query.php(173): Cake\ORM\Table->schema()
#4 /var/www/OranTicket/vendor/cakephp/cakephp/src/ORM/Query.php(131): Cake\ORM\Query->addDefaultTypes(Object(App\Model\Table\NotificationsTable))
#5 /var/www/OranTicket/vendor/cakephp/cakephp/src/ORM/Table.php(1228): Cake\ORM\Query->__construct(Object(Cake\Database\Connection), Object(App\Model\Table\NotificationsTable))
#6 /var/www/OranTicket/vendor/cakephp/cakephp/src/ORM/Table.php(931): Cake\ORM\Table->query()
#7 /var/www/OranTicket/src/View/Cell/NotificationCell.php(19): Cake\ORM\Table->find()
#8 [internal function]: App\View\Cell\NotificationCell->notifications()
#9 /var/www/OranTicket/vendor/cakephp/cakephp/src/View/CellTrait.php(85): ReflectionMethod->invokeArgs(Object(App\View\Cell\NotificationCell), Array)
#10 /var/www/OranTicket/src/Template/Element/layouts/menu.ctp(42): Cake\View\View->cell('Notification::n...')
#11 /var/www/OranTicket/vendor/cakephp/cakephp/src/View/View.php(970): include('/var/www/OranTi...')
#12 /var/www/OranTicket/vendor/cakephp/cakephp/src/View/View.php(930): Cake\View\View->_evaluate('/var/www/OranTi...', Array)
#13 /var/www/OranTicket/vendor/cakephp/cakephp/src/View/View.php(1310): Cake\View\View->_render('/var/www/OranTi...', Array)
#14 /var/www/OranTicket/vendor/cakephp/cakephp/src/View/View.php(484): Cake\View\View->_renderElement('/var/www/OranTi...', Array, Array)
#15 /var/www/OranTicket/src/Template/Element/layouts/header.ctp(24): Cake\View\View->element('layouts/menu')
#16 /var/www/OranTicket/vendor/cakephp/cakephp/src/View/View.php(970): include('/var/www/OranTi...')
#17 /var/www/OranTicket/vendor/cakephp/cakephp/src/View/View.php(930): Cake\View\View->_evaluate('/var/www/OranTi...', Array)
#18 /var/www/OranTicket/vendor/cakephp/cakephp/src/View/View.php(1310): Cake\View\View->_render('/var/www/OranTi...', Array)
#19 /var/www/OranTicket/vendor/cakephp/cakephp/src/View/View.php(484): Cake\View\View->_renderElement('/var/www/OranTi...', Array, Array)
#20 /var/www/OranTicket/src/Template/Layout/default.ctp(1): Cake\View\View->element('layouts/header')
#21 /var/www/OranTicket/vendor/cakephp/cakephp/src/View/View.php(970): include('/var/www/OranTi...')
#22 /var/www/OranTicket/vendor/cakephp/cakephp/src/View/View.php(930): Cake\View\View->_evaluate('/var/www/OranTi...', Array)
#23 /var/www/OranTicket/vendor/cakephp/cakephp/src/View/View.php(624): Cake\View\View->_render('/var/www/OranTi...')
#24 /var/www/OranTicket/vendor/cakephp/cakephp/src/View/View.php(583): Cake\View\View->renderLayout('', 'default')
#25 /var/www/OranTicket/vendor/cakephp/cakephp/src/Controller/Controller.php(611): Cake\View\View->render(NULL, NULL)
#26 /var/www/OranTicket/vendor/cakephp/cakephp/src/Routing/Dispatcher.php(120): Cake\Controller\Controller->render()
#27 /var/www/OranTicket/vendor/cakephp/cakephp/src/Routing/Dispatcher.php(87): Cake\Routing\Dispatcher->_invoke(Object(App\Controller\UsersController))
#28 /var/www/OranTicket/webroot/index.php(37): Cake\Routing\Dispatcher->dispatch(Object(Cake\Network\Request), Object(Cake\Network\Response))
#29 {main}


2015-10-30 23:35:15 Error: [Cake\Controller\Exception\MissingActionException] Action UsersController::notifications() could not be found, or is not accessible.
Exception Attributes: array (
  'controller' => 'UsersController',
  'action' => 'notifications',
  'prefix' => '',
  'plugin' => NULL,
)
Request URL: /OranTicket/users/notifications
Stack Trace:
#0 /var/www/OranTicket/vendor/cakephp/cakephp/src/Routing/Dispatcher.php(114): Cake\Controller\Controller->invokeAction()
#1 /var/www/OranTicket/vendor/cakephp/cakephp/src/Routing/Dispatcher.php(87): Cake\Routing\Dispatcher->_invoke(Object(App\Controller\UsersController))
#2 /var/www/OranTicket/webroot/index.php(37): Cake\Routing\Dispatcher->dispatch(Object(Cake\Network\Request), Object(Cake\Network\Response))
#3 {main}


2015-10-30 23:36:15 Error: [Cake\View\Exception\MissingTemplateException] Template file "Tickets/notifications.ctp" is missing.
Exception Attributes: array (
  'file' => 'Tickets/notifications.ctp',
)
Request URL: /OranTicket/tickets/notifications
Stack Trace:
#0 /var/www/OranTicket/vendor/cakephp/cakephp/src/View/View.php(575): Cake\View\View->_getViewFileName(NULL)
#1 /var/www/OranTicket/vendor/cakephp/cakephp/src/Controller/Controller.php(611): Cake\View\View->render(NULL, NULL)
#2 /var/www/OranTicket/vendor/cakephp/cakephp/src/Routing/Dispatcher.php(120): Cake\Controller\Controller->render()
#3 /var/www/OranTicket/vendor/cakephp/cakephp/src/Routing/Dispatcher.php(87): Cake\Routing\Dispatcher->_invoke(Object(App\Controller\TicketsController))
#4 /var/www/OranTicket/webroot/index.php(37): Cake\Routing\Dispatcher->dispatch(Object(Cake\Network\Request), Object(Cake\Network\Response))
#5 {main}


2015-10-30 23:38:04 Error: [Cake\View\Exception\MissingElementException] Element/meta.ctp
Request URL: /OranTicket/tickets/notifications
Stack Trace:
#0 /var/www/OranTicket/src/Template/Tickets/notifications.ctp(3): Cake\View\View->element('meta', Array)
#1 /var/www/OranTicket/vendor/cakephp/cakephp/src/View/View.php(970): include('/var/www/OranTi...')
#2 /var/www/OranTicket/vendor/cakephp/cakephp/src/View/View.php(930): Cake\View\View->_evaluate('/var/www/OranTi...', Array)
#3 /var/www/OranTicket/vendor/cakephp/cakephp/src/View/View.php(578): Cake\View\View->_render('/var/www/OranTi...')
#4 /var/www/OranTicket/vendor/cakephp/cakephp/src/Controller/Controller.php(611): Cake\View\View->render(NULL, NULL)
#5 /var/www/OranTicket/vendor/cakephp/cakephp/src/Routing/Dispatcher.php(120): Cake\Controller\Controller->render()
#6 /var/www/OranTicket/vendor/cakephp/cakephp/src/Routing/Dispatcher.php(87): Cake\Routing\Dispatcher->_invoke(Object(App\Controller\TicketsController))
#7 /var/www/OranTicket/webroot/index.php(37): Cake\Routing\Dispatcher->dispatch(Object(Cake\Network\Request), Object(Cake\Network\Response))
#8 {main}


2015-10-30 23:38:33 Error: [Cake\View\Exception\MissingElementException] Element/meta.ctp
Request URL: /OranTicket/tickets/notifications
Stack Trace:
#0 /var/www/OranTicket/src/Template/Tickets/notifications.ctp(3): Cake\View\View->element('meta', Array)
#1 /var/www/OranTicket/vendor/cakephp/cakephp/src/View/View.php(970): include('/var/www/OranTi...')
#2 /var/www/OranTicket/vendor/cakephp/cakephp/src/View/View.php(930): Cake\View\View->_evaluate('/var/www/OranTi...', Array)
#3 /var/www/OranTicket/vendor/cakephp/cakephp/src/View/View.php(578): Cake\View\View->_render('/var/www/OranTi...')
#4 /var/www/OranTicket/vendor/cakephp/cakephp/src/Controller/Controller.php(611): Cake\View\View->render(NULL, NULL)
#5 /var/www/OranTicket/vendor/cakephp/cakephp/src/Routing/Dispatcher.php(120): Cake\Controller\Controller->render()
#6 /var/www/OranTicket/vendor/cakephp/cakephp/src/Routing/Dispatcher.php(87): Cake\Routing\Dispatcher->_invoke(Object(App\Controller\TicketsController))
#7 /var/www/OranTicket/webroot/index.php(37): Cake\Routing\Dispatcher->dispatch(Object(Cake\Network\Request), Object(Cake\Network\Response))
#8 {main}


2015-10-30 23:38:38 Error: [Cake\View\Exception\MissingElementException] Element/meta.ctp
Request URL: /OranTicket/tickets/notifications
Stack Trace:
#0 /var/www/OranTicket/src/Template/Tickets/notifications.ctp(3): Cake\View\View->element('meta', Array)
#1 /var/www/OranTicket/vendor/cakephp/cakephp/src/View/View.php(970): include('/var/www/OranTi...')
#2 /var/www/OranTicket/vendor/cakephp/cakephp/src/View/View.php(930): Cake\View\View->_evaluate('/var/www/OranTi...', Array)
#3 /var/www/OranTicket/vendor/cakephp/cakephp/src/View/View.php(578): Cake\View\View->_render('/var/www/OranTi...')
#4 /var/www/OranTicket/vendor/cakephp/cakephp/src/Controller/Controller.php(611): Cake\View\View->render(NULL, NULL)
#5 /var/www/OranTicket/vendor/cakephp/cakephp/src/Routing/Dispatcher.php(120): Cake\Controller\Controller->render()
#6 /var/www/OranTicket/vendor/cakephp/cakephp/src/Routing/Dispatcher.php(87): Cake\Routing\Dispatcher->_invoke(Object(App\Controller\TicketsController))
#7 /var/www/OranTicket/webroot/index.php(37): Cake\Routing\Dispatcher->dispatch(Object(Cake\Network\Request), Object(Cake\Network\Response))
#8 {main}


2015-10-30 23:44:34 Error: [Cake\View\Exception\MissingElementException] Element/meta.ctp
Request URL: /OranTicket/tickets/notifications
Stack Trace:
#0 /var/www/OranTicket/src/Template/Tickets/notifications.ctp(3): Cake\View\View->element('meta', Array)
#1 /var/www/OranTicket/vendor/cakephp/cakephp/src/View/View.php(970): include('/var/www/OranTi...')
#2 /var/www/OranTicket/vendor/cakephp/cakephp/src/View/View.php(930): Cake\View\View->_evaluate('/var/www/OranTi...', Array)
#3 /var/www/OranTicket/vendor/cakephp/cakephp/src/View/View.php(578): Cake\View\View->_render('/var/www/OranTi...')
#4 /var/www/OranTicket/vendor/cakephp/cakephp/src/Controller/Controller.php(611): Cake\View\View->render(NULL, NULL)
#5 /var/www/OranTicket/vendor/cakephp/cakephp/src/Routing/Dispatcher.php(120): Cake\Controller\Controller->render()
#6 /var/www/OranTicket/vendor/cakephp/cakephp/src/Routing/Dispatcher.php(87): Cake\Routing\Dispatcher->_invoke(Object(App\Controller\TicketsController))
#7 /var/www/OranTicket/webroot/index.php(37): Cake\Routing\Dispatcher->dispatch(Object(Cake\Network\Request), Object(Cake\Network\Response))
#8 {main}


2015-10-30 23:52:37 Error: Fatal Error (1): Class 'App\Controller\Notifications' not found in [/var/www/OranTicket/src/Controller/TicketsController.php, line 97]
Trace:
Cake\Error\BaseErrorHandler::handleFatalError() - CORE/src/Error/BaseErrorHandler.php, line 191
Cake\Error\BaseErrorHandler::Cake\Error\{closure}() - CORE/src/Error/BaseErrorHandler.php, line 90
[main] - [internal], line ??



2015-10-30 23:52:37 Error: [Cake\Error\FatalErrorException] Class 'App\Controller\Notifications' not found
Request URL: /OranTicket/tickets/view/52
Stack Trace:
#0 /var/www/OranTicket/vendor/cakephp/cakephp/src/Error/BaseErrorHandler.php(90): Cake\Error\BaseErrorHandler->handleFatalError(1, 'Class 'App\\Cont...', '/var/www/OranTi...', 97)
#1 [internal function]: Cake\Error\BaseErrorHandler->Cake\Error\{closure}()
#2 {main}


2015-10-30 23:55:30 Error: Fatal Error (1): Class 'App\Controller\Notifications' not found in [/var/www/OranTicket/src/Controller/TicketsController.php, line 97]
Trace:
Cake\Error\BaseErrorHandler::handleFatalError() - CORE/src/Error/BaseErrorHandler.php, line 191
Cake\Error\BaseErrorHandler::Cake\Error\{closure}() - CORE/src/Error/BaseErrorHandler.php, line 90
[main] - [internal], line ??



2015-10-30 23:55:31 Error: [Cake\Error\FatalErrorException] Class 'App\Controller\Notifications' not found
Request URL: /OranTicket/tickets/view/52
Stack Trace:
#0 /var/www/OranTicket/vendor/cakephp/cakephp/src/Error/BaseErrorHandler.php(90): Cake\Error\BaseErrorHandler->handleFatalError(1, 'Class 'App\\Cont...', '/var/www/OranTi...', 97)
#1 [internal function]: Cake\Error\BaseErrorHandler->Cake\Error\{closure}()
#2 {main}


2015-10-30 23:55:55 Error: Fatal Error (1): Class 'App\Controller\Notifications' not found in [/var/www/OranTicket/src/Controller/TicketsController.php, line 97]
Trace:
Cake\Error\BaseErrorHandler::handleFatalError() - CORE/src/Error/BaseErrorHandler.php, line 191
Cake\Error\BaseErrorHandler::Cake\Error\{closure}() - CORE/src/Error/BaseErrorHandler.php, line 90
[main] - [internal], line ??



2015-10-30 23:55:56 Error: [Cake\Error\FatalErrorException] Class 'App\Controller\Notifications' not found
Request URL: /OranTicket/tickets/view/52
Stack Trace:
#0 /var/www/OranTicket/vendor/cakephp/cakephp/src/Error/BaseErrorHandler.php(90): Cake\Error\BaseErrorHandler->handleFatalError(1, 'Class 'App\\Cont...', '/var/www/OranTi...', 97)
#1 [internal function]: Cake\Error\BaseErrorHandler->Cake\Error\{closure}()
#2 {main}


2015-10-31 00:14:13 Error: [Cake\View\Exception\MissingCellException] Cell class NotificationCell is missing.
Exception Attributes: array (
  'className' => 'NotificationCell',
)
Request URL: /OranTicket/
Stack Trace:
#0 /var/www/OranTicket/src/Template/Element/layouts/menu.ctp(42): Cake\View\View->cell('Notification::n...')
#1 /var/www/OranTicket/vendor/cakephp/cakephp/src/View/View.php(970): include('/var/www/OranTi...')
#2 /var/www/OranTicket/vendor/cakephp/cakephp/src/View/View.php(930): Cake\View\View->_evaluate('/var/www/OranTi...', Array)
#3 /var/www/OranTicket/vendor/cakephp/cakephp/src/View/View.php(1310): Cake\View\View->_render('/var/www/OranTi...', Array)
#4 /var/www/OranTicket/vendor/cakephp/cakephp/src/View/View.php(484): Cake\View\View->_renderElement('/var/www/OranTi...', Array, Array)
#5 /var/www/OranTicket/src/Template/Element/layouts/header.ctp(24): Cake\View\View->element('layouts/menu')
#6 /var/www/OranTicket/vendor/cakephp/cakephp/src/View/View.php(970): include('/var/www/OranTi...')
#7 /var/www/OranTicket/vendor/cakephp/cakephp/src/View/View.php(930): Cake\View\View->_evaluate('/var/www/OranTi...', Array)
#8 /var/www/OranTicket/vendor/cakephp/cakephp/src/View/View.php(1310): Cake\View\View->_render('/var/www/OranTi...', Array)
#9 /var/www/OranTicket/vendor/cakephp/cakephp/src/View/View.php(484): Cake\View\View->_renderElement('/var/www/OranTi...', Array, Array)
#10 /var/www/OranTicket/src/Template/Layout/default.ctp(1): Cake\View\View->element('layouts/header')
#11 /var/www/OranTicket/vendor/cakephp/cakephp/src/View/View.php(970): include('/var/www/OranTi...')
#12 /var/www/OranTicket/vendor/cakephp/cakephp/src/View/View.php(930): Cake\View\View->_evaluate('/var/www/OranTi...', Array)
#13 /var/www/OranTicket/vendor/cakephp/cakephp/src/View/View.php(624): Cake\View\View->_render('/var/www/OranTi...')
#14 /var/www/OranTicket/vendor/cakephp/cakephp/src/View/View.php(583): Cake\View\View->renderLayout('', 'default')
#15 /var/www/OranTicket/vendor/cakephp/cakephp/src/Controller/Controller.php(611): Cake\View\View->render('home', NULL)
#16 /var/www/OranTicket/src/Controller/PagesController.php(47): Cake\Controller\Controller->render('home')
#17 [internal function]: App\Controller\PagesController->display('home')
#18 /var/www/OranTicket/vendor/cakephp/cakephp/src/Controller/Controller.php(429): call_user_func_array(Array, Array)
#19 /var/www/OranTicket/vendor/cakephp/cakephp/src/Routing/Dispatcher.php(114): Cake\Controller\Controller->invokeAction()
#20 /var/www/OranTicket/vendor/cakephp/cakephp/src/Routing/Dispatcher.php(87): Cake\Routing\Dispatcher->_invoke(Object(App\Controller\PagesController))
#21 /var/www/OranTicket/webroot/index.php(37): Cake\Routing\Dispatcher->dispatch(Object(Cake\Network\Request), Object(Cake\Network\Response))
#22 {main}


2015-10-31 08:22:52 Error: Fatal Error (1): Cannot access  property Cake\Database\Type\DateTimeType::$dateTimeClass in [/var/www/OranTicket/vendor/cakephp/cakephp/src/Database/Type/DateTimeType.php, line 133]
Trace:
Cake\Error\BaseErrorHandler::handleFatalError() - CORE/src/Error/BaseErrorHandler.php, line 191
Cake\Error\BaseErrorHandler::Cake\Error\{closure}() - CORE/src/Error/BaseErrorHandler.php, line 90
[main] - [internal], line ??



